<?xml version="1.0" encoding="UTF-8"?>
<!-- Generated by org.testng.reporters.JUnitXMLReporter -->
<testsuite ignored="0" hostname="Collaberas-MacBook-Pro.local" failures="0" tests="16" name="Default test" time="109.185" errors="0" timestamp="2023-05-12T19:56:18 PST">
  <testcase classname="capstone_TestScenarios.TestScenarios_IOSPhone" name="UI_01" time="4.04"/>
  <testcase classname="capstone_TestScenarios.TestScenarios_IOSPhone" name="UI_02" time="1.428"/>
  <testcase classname="capstone_TestScenarios.TestScenarios_IOSPhone" name="UI_03" time="26.28"/>
  <testcase classname="capstone_TestScenarios.TestScenarios_IOSPhone" name="UI_04" time="2.177"/>
  <testcase classname="capstone_TestScenarios.TestScenarios_IOSPhone" name="UI_05" time="2.909"/>
  <testcase classname="capstone_TestScenarios.TestScenarios_IOSPhone" name="UI_06" time="4.395"/>
  <testcase classname="capstone_TestScenarios.TestScenarios_IOSPhone" name="UI_07" time="7.695"/>
  <testcase classname="capstone_TestScenarios.TestScenarios_IOSPhone" name="UI_08" time="8.686"/>
  <testcase classname="capstone_TestScenarios.TestScenarios_IOSPhone" name="UI_09" time="5.287"/>
  <testcase classname="capstone_TestScenarios.TestScenarios_IOSPhone" name="UI_10" time="4.773"/>
  <testcase classname="capstone_TestScenarios.TestScenarios_IOSPhone" name="UI_11" time="3.892"/>
  <testcase classname="capstone_TestScenarios.TestScenarios_IOSPhone" name="UI_12" time="2.496"/>
  <testcase classname="capstone_TestScenarios.TestScenarios_IOSPhone" name="UI_13" time="19.383"/>
  <testcase classname="capstone_TestScenarios.TestScenarios_IOSPhone" name="UI_14" time="5.278"/>
  <testcase classname="capstone_TestScenarios.TestScenarios_IOSPhone" name="UI_15" time="4.574"/>
  <testcase classname="capstone_TestScenarios.TestScenarios_IOSPhone" name="UI_16" time="5.819"/>
</testsuite> <!-- Default test -->
