<?xml version="1.0" encoding="UTF-8"?>
<!-- Generated by org.testng.reporters.JUnitXMLReporter -->
<testsuite ignored="0" hostname="Collaberas-MacBook-Pro.local" failures="0" tests="3" name="Default test" time="63.36" errors="0" timestamp="2023-05-15T16:27:55 PST">
  <testcase classname="capstone_TestScenarios.TestScenarios_AndroidPhone" name="Fin_01" time="21.406"/>
  <testcase classname="capstone_TestScenarios.TestScenarios_AndroidPhone" name="Fin_02" time="12.213"/>
  <testcase classname="capstone_TestScenarios.TestScenarios_AndroidPhone" name="Fin_03" time="29.715"/>
</testsuite> <!-- Default test -->
