<?xml version="1.0" encoding="UTF-8"?>
<!-- Generated by org.testng.reporters.JUnitXMLReporter -->
<testsuite ignored="0" hostname="Collaberas-MacBook-Pro.local" failures="0" tests="6" name="Android Phone Test" time="63.171" errors="0" timestamp="2023-05-12T13:44:55 PST">
  <testcase classname="capstone_TestScenarios.TestScenarios_AndroidPhone" name="validateLoanAndEmi" time="0.448"/>
  <testcase classname="capstone_TestScenarios.TestScenarios_AndroidPhone" name="optionsDisplayed" time="20.054"/>
  <testcase classname="capstone_TestScenarios.TestScenarios_AndroidPhone" name="optionPrint" time="1.133"/>
  <testcase classname="capstone_TestScenarios.TestScenarios_AndroidPhone" name="loanBasic" time="6.817"/>
  <testcase classname="capstone_TestScenarios.TestScenarios_AndroidPhone" name="calculate" time="4.366"/>
  <testcase classname="capstone_TestScenarios.TestScenarios_AndroidPhone" name="vihicleLoanValidation" time="30.292"/>
</testsuite> <!-- Android Phone Test -->
