<?xml version="1.0" encoding="UTF-8"?>
<testng-results ignored="0" total="3" passed="3" failed="0" skipped="0">
  <reporter-output>
  </reporter-output>
  <suite started-at="2023-05-15T16:26:51 PST" name="Default suite" finished-at="2023-05-15T16:27:55 PST" duration-ms="63360">
    <groups>
    </groups>
    <test started-at="2023-05-15T16:26:51 PST" name="Default test" finished-at="2023-05-15T16:27:55 PST" duration-ms="63360">
      <class name="capstone_TestScenarios.TestScenarios_AndroidPhone">
        <test-method is-config="true" signature="iFiniboLaunch()[pri:0, instance:capstone_TestScenarios.TestScenarios_AndroidPhone@16eb3ea3]" started-at="2023-05-15T16:26:45 PST" name="iFiniboLaunch" finished-at="2023-05-15T16:26:51 PST" duration-ms="6271" status="PASS">
          <reporter-output>
          </reporter-output>
        </test-method> <!-- iFiniboLaunch -->
        <test-method signature="Fin_01()[pri:1, instance:capstone_TestScenarios.TestScenarios_AndroidPhone@16eb3ea3]" started-at="2023-05-15T16:26:51 PST" name="Fin_01" finished-at="2023-05-15T16:27:13 PST" duration-ms="21406" status="PASS">
          <reporter-output>
          </reporter-output>
        </test-method> <!-- Fin_01 -->
        <test-method signature="Fin_02()[pri:2, instance:capstone_TestScenarios.TestScenarios_AndroidPhone@16eb3ea3]" started-at="2023-05-15T16:27:13 PST" name="Fin_02" finished-at="2023-05-15T16:27:25 PST" duration-ms="12213" status="PASS">
          <reporter-output>
          </reporter-output>
        </test-method> <!-- Fin_02 -->
        <test-method signature="Fin_03()[pri:3, instance:capstone_TestScenarios.TestScenarios_AndroidPhone@16eb3ea3]" started-at="2023-05-15T16:27:25 PST" name="Fin_03" finished-at="2023-05-15T16:27:55 PST" duration-ms="29715" status="PASS">
          <reporter-output>
          </reporter-output>
        </test-method> <!-- Fin_03 -->
        <test-method is-config="true" signature="closeDriver()[pri:0, instance:capstone_TestScenarios.TestScenarios_AndroidPhone@16eb3ea3]" started-at="2023-05-15T16:27:55 PST" name="closeDriver" finished-at="2023-05-15T16:27:55 PST" duration-ms="466" status="PASS">
          <reporter-output>
          </reporter-output>
        </test-method> <!-- closeDriver -->
      </class> <!-- capstone_TestScenarios.TestScenarios_AndroidPhone -->
    </test> <!-- Default test -->
  </suite> <!-- Default suite -->
</testng-results>
